<?xml version="1.0" encoding="UTF-8"?>
<testng-results ignored="0" total="1" passed="1" failed="0" skipped="0">
  <reporter-output>
  </reporter-output>
  <suite started-at="2023-09-11T15:42:51 BRT" name="Default suite" finished-at="2023-09-11T15:43:07 BRT" duration-ms="16110">
    <groups>
    </groups>
    <test started-at="2023-09-11T15:42:51 BRT" name="Default test" finished-at="2023-09-11T15:43:07 BRT" duration-ms="16110">
      <class name="ui.LoginTest">
        <test-method signature="runTests()[pri:0, instance:ui.LoginTest@71d44a3]" started-at="2023-09-11T15:42:51 BRT" name="runTests" finished-at="2023-09-11T15:43:07 BRT" duration-ms="16073" status="PASS">
          <reporter-output>
          </reporter-output>
        </test-method> <!-- runTests -->
      </class> <!-- ui.LoginTest -->
    </test> <!-- Default test -->
  </suite> <!-- Default suite -->
</testng-results>
