<?xml version="1.0" encoding="UTF-8"?>
<testng-results ignored="0" total="1" passed="1" failed="0" skipped="0">
  <reporter-output>
  </reporter-output>
  <suite started-at="2023-09-11T16:44:58 BRT" name="Default suite" finished-at="2023-09-11T16:45:14 BRT" duration-ms="16778">
    <groups>
    </groups>
    <test started-at="2023-09-11T16:44:58 BRT" name="Default test" finished-at="2023-09-11T16:45:14 BRT" duration-ms="16778">
      <class name="ui.LoginTest">
        <test-method signature="runTests()[pri:0, instance:ui.LoginTest@48f2bd5b]" started-at="2023-09-11T16:44:58 BRT" name="runTests" finished-at="2023-09-11T16:45:14 BRT" duration-ms="16730" status="PASS">
          <reporter-output>
          </reporter-output>
        </test-method> <!-- runTests -->
      </class> <!-- ui.LoginTest -->
    </test> <!-- Default test -->
  </suite> <!-- Default suite -->
</testng-results>
